<?xml version="1.0" encoding="UTF-8"?>
<!-- Generated by org.testng.reporters.JUnitReportReporter -->
<testsuite hostname="MKLT01826" failures="0" tests="1" name="tests.EAPPTest" time="13.434" errors="0" timestamp="23 Aug 2018 09:55:47 GMT" skipped="0">
  <testcase classname="tests.EAPPTest" name="navigateEApp" time="13.434"/>
</testsuite> <!-- tests.EAPPTest -->
